f:\game\gui-2.1.1\gui-2.1.2\game002\x64\debug\vc120.pdb
f:\game\gui-2.1.1\gui-2.1.2\game002\x64\debug\playerviewcontroller.obj
f:\game\gui-2.1.1\gui-2.1.2\game002\x64\debug\moc_textlabel.obj
f:\game\gui-2.1.1\gui-2.1.2\game002\x64\debug\function.obj
f:\game\gui-2.1.1\gui-2.1.2\game002\x64\debug\elementpool.obj
f:\game\gui-2.1.1\gui-2.1.2\game002\x64\debug\element.obj
f:\game\gui-2.1.1\gui-2.1.2\game002\x64\debug\textlabel.obj
f:\game\gui-2.1.1\gui-2.1.2\game002\x64\debug\tcpclient.obj
f:\game\gui-2.1.1\gui-2.1.2\game002\x64\debug\singleplayercontroller.obj
f:\game\gui-2.1.1\gui-2.1.2\game002\x64\debug\panelbattleinfo.obj
f:\game\gui-2.1.1\gui-2.1.2\game002\x64\debug\moc_tcpclient.obj
f:\game\gui-2.1.1\gui-2.1.2\game002\x64\debug\moc_singleplayercontroller.obj
f:\game\gui-2.1.1\gui-2.1.2\game002\x64\debug\moc_panelmenu.obj
f:\game\gui-2.1.1\gui-2.1.2\game002\x64\debug\moc_panelbattleinfo.obj
f:\game\gui-2.1.1\gui-2.1.2\game002\x64\debug\moc_gamemainmenu.obj
f:\game\gui-2.1.1\gui-2.1.2\game002\x64\debug\moc_elementbattleinfo.obj
f:\game\gui-2.1.1\gui-2.1.2\game002\x64\debug\moc_buttonbase.obj
f:\game\gui-2.1.1\gui-2.1.2\game002\x64\debug\gamemainmenu.obj
f:\game\gui-2.1.1\gui-2.1.2\game002\x64\debug\elementbattleinfo.obj
f:\game\gui-2.1.1\gui-2.1.2\game002\x64\debug\character_element.obj
f:\game\gui-2.1.1\gui-2.1.2\game002\x64\debug\buttonbase.obj
f:\game\gui-2.1.1\gui-2.1.2\game002\x64\debug\set_character.obj
f:\game\gui-2.1.1\gui-2.1.2\game002\x64\debug\gamecontent.obj
f:\game\gui-2.1.1\gui-2.1.2\game002\x64\debug\paneloperate.obj
f:\game\gui-2.1.1\gui-2.1.2\game002\x64\debug\panelmenu.obj
f:\game\gui-2.1.1\gui-2.1.2\game002\x64\debug\panelheadup.obj
f:\game\gui-2.1.1\gui-2.1.2\game002\x64\debug\mapunit.obj
f:\game\gui-2.1.1\gui-2.1.2\game002\x64\debug\mapinfo.obj
f:\game\gui-2.1.1\gui-2.1.2\game002\x64\debug\main.obj
f:\game\gui-2.1.1\gui-2.1.2\game002\x64\debug\moc_playerviewcontroller.obj
f:\game\gui-2.1.1\gui-2.1.2\game002\x64\debug\moc_paneloperate.obj
f:\game\gui-2.1.1\gui-2.1.2\game002\x64\debug\moc_panelheadup.obj
f:\game\gui-2.1.1\gui-2.1.2\game002\x64\debug\moc_mapunit.obj
f:\game\gui-2.1.1\gui-2.1.2\game002\x64\debug\moc_gamewindow.obj
f:\game\gui-2.1.1\gui-2.1.2\game002\x64\debug\moc_gamecontent.obj
f:\game\gui-2.1.1\gui-2.1.2\game002\x64\debug\moc_element.obj
f:\game\gui-2.1.1\gui-2.1.2\game002\x64\debug\gamewindow.obj
f:\game\gui-2.1.1\gui-2.1.2\game002\x64\debug\qrc_gamewindow.obj
f:\game\gui-2.1.1\gui-2.1.2\game002\generatedfiles\debug\moc_gamewindow.cpp
f:\game\gui-2.1.1\gui-2.1.2\game002\generatedfiles\ui_gamewindow.h
f:\game\gui-2.1.1\gui-2.1.2\game002\generatedfiles\debug\moc_tcpclient.cpp
f:\game\gui-2.1.1\gui-2.1.2\game002\generatedfiles\debug\moc_buttonbase.cpp
f:\game\gui-2.1.1\gui-2.1.2\game002\generatedfiles\debug\moc_textlabel.cpp
f:\game\gui-2.1.1\gui-2.1.2\game002\generatedfiles\debug\moc_gamemainmenu.cpp
f:\game\gui-2.1.1\gui-2.1.2\game002\generatedfiles\debug\moc_elementbattleinfo.cpp
f:\game\gui-2.1.1\gui-2.1.2\game002\generatedfiles\debug\moc_panelbattleinfo.cpp
f:\game\gui-2.1.1\gui-2.1.2\game002\generatedfiles\debug\moc_mapunit.cpp
f:\game\gui-2.1.1\gui-2.1.2\game002\generatedfiles\debug\moc_element.cpp
f:\game\gui-2.1.1\gui-2.1.2\game002\generatedfiles\debug\moc_playerviewcontroller.cpp
f:\game\gui-2.1.1\gui-2.1.2\game002\generatedfiles\debug\moc_paneloperate.cpp
f:\game\gui-2.1.1\gui-2.1.2\game002\generatedfiles\debug\moc_panelheadup.cpp
f:\game\gui-2.1.1\gui-2.1.2\game002\generatedfiles\debug\moc_gamecontent.cpp
f:\game\gui-2.1.1\gui-2.1.2\game002\generatedfiles\debug\moc_panelmenu.cpp
f:\game\gui-2.1.1\gui-2.1.2\game002\generatedfiles\qrc_gamewindow.cpp
f:\game\gui-2.1.1\gui-2.1.2\game002\generatedfiles\debug\moc_singleplayercontroller.cpp
f:\game\gui-2.1.1\gui-2.1.2\game002\x64\debug\game002.ilk
f:\game\gui-2.1.1\gui-2.1.2\game002\x64\debug\game002.exe
f:\game\gui-2.1.1\gui-2.1.2\game002\x64\debug\game002.pdb
f:\game\gui-2.1.1\gui-2.1.2\game002\x64\debug\fateundefined.res
c:\users\chenzh\desktop\gui-2.1.3\gui-2.1.3\game002\x64\debug\buttonbase.obj
c:\users\chenzh\desktop\gui-2.1.3\gui-2.1.3\game002\x64\debug\character_element.obj
c:\users\chenzh\desktop\gui-2.1.3\gui-2.1.3\game002\x64\debug\element.obj
c:\users\chenzh\desktop\gui-2.1.3\gui-2.1.3\game002\x64\debug\elementbattleinfo.obj
c:\users\chenzh\desktop\gui-2.1.3\gui-2.1.3\game002\x64\debug\elementpool.obj
c:\users\chenzh\desktop\gui-2.1.3\gui-2.1.3\game002\x64\debug\function.obj
c:\users\chenzh\desktop\gui-2.1.3\gui-2.1.3\game002\x64\debug\gamecontent.obj
c:\users\chenzh\desktop\gui-2.1.3\gui-2.1.3\game002\x64\debug\gamemainmenu.obj
c:\users\chenzh\desktop\gui-2.1.3\gui-2.1.3\game002\x64\debug\gamewindow.obj
c:\users\chenzh\desktop\gui-2.1.3\gui-2.1.3\game002\x64\debug\main.obj
c:\users\chenzh\desktop\gui-2.1.3\gui-2.1.3\game002\x64\debug\mapinfo.obj
c:\users\chenzh\desktop\gui-2.1.3\gui-2.1.3\game002\x64\debug\mapunit.obj
c:\users\chenzh\desktop\gui-2.1.3\gui-2.1.3\game002\x64\debug\moc_buttonbase.obj
c:\users\chenzh\desktop\gui-2.1.3\gui-2.1.3\game002\x64\debug\moc_element.obj
c:\users\chenzh\desktop\gui-2.1.3\gui-2.1.3\game002\x64\debug\moc_elementbattleinfo.obj
c:\users\chenzh\desktop\gui-2.1.3\gui-2.1.3\game002\x64\debug\moc_gamecontent.obj
c:\users\chenzh\desktop\gui-2.1.3\gui-2.1.3\game002\x64\debug\moc_gamemainmenu.obj
c:\users\chenzh\desktop\gui-2.1.3\gui-2.1.3\game002\x64\debug\moc_gamewindow.obj
c:\users\chenzh\desktop\gui-2.1.3\gui-2.1.3\game002\x64\debug\moc_mapunit.obj
c:\users\chenzh\desktop\gui-2.1.3\gui-2.1.3\game002\x64\debug\moc_panelbattleinfo.obj
c:\users\chenzh\desktop\gui-2.1.3\gui-2.1.3\game002\x64\debug\moc_panelheadup.obj
c:\users\chenzh\desktop\gui-2.1.3\gui-2.1.3\game002\x64\debug\moc_panelmenu.obj
c:\users\chenzh\desktop\gui-2.1.3\gui-2.1.3\game002\x64\debug\moc_paneloperate.obj
c:\users\chenzh\desktop\gui-2.1.3\gui-2.1.3\game002\x64\debug\moc_playerviewcontroller.obj
c:\users\chenzh\desktop\gui-2.1.3\gui-2.1.3\game002\x64\debug\moc_singleplayercontroller.obj
c:\users\chenzh\desktop\gui-2.1.3\gui-2.1.3\game002\x64\debug\moc_tcpclient.obj
c:\users\chenzh\desktop\gui-2.1.3\gui-2.1.3\game002\x64\debug\moc_textlabel.obj
c:\users\chenzh\desktop\gui-2.1.3\gui-2.1.3\game002\x64\debug\panelbattleinfo.obj
c:\users\chenzh\desktop\gui-2.1.3\gui-2.1.3\game002\x64\debug\panelheadup.obj
c:\users\chenzh\desktop\gui-2.1.3\gui-2.1.3\game002\x64\debug\panelmenu.obj
c:\users\chenzh\desktop\gui-2.1.3\gui-2.1.3\game002\x64\debug\paneloperate.obj
c:\users\chenzh\desktop\gui-2.1.3\gui-2.1.3\game002\x64\debug\playerviewcontroller.obj
c:\users\chenzh\desktop\gui-2.1.3\gui-2.1.3\game002\x64\debug\qrc_gamewindow.obj
c:\users\chenzh\desktop\gui-2.1.3\gui-2.1.3\game002\x64\debug\set_character.obj
c:\users\chenzh\desktop\gui-2.1.3\gui-2.1.3\game002\x64\debug\singleplayercontroller.obj
c:\users\chenzh\desktop\gui-2.1.3\gui-2.1.3\game002\x64\debug\tcpclient.obj
c:\users\chenzh\desktop\gui-2.1.3\gui-2.1.3\game002\x64\debug\textlabel.obj
c:\users\chenzh\desktop\gui-2.1.3\gui-2.1.3\game002\x64\debug\game002.ilk
c:\users\chenzh\desktop\gui-2.1.3\gui-2.1.3\game002\x64\debug\fateundefined.res
c:\users\chenzh\desktop\gui-2.1.3\gui-2.1.3\game002\x64\debug\game002.pdb
c:\users\chenzh\desktop\gui-2.1.3\gui-2.1.3\game002\x64\debug\vc120.pdb
c:\users\chenzh\desktop\gui-2.1.3\gui-2.1.3\game002\x64\debug\game002.exe
c:\users\chenzh\desktop\gui-2.1.3\gui-2.1.3\game002\x64\debug\game002.tlog\cl.command.1.tlog
c:\users\chenzh\desktop\gui-2.1.3\gui-2.1.3\game002\x64\debug\game002.tlog\cl.read.1.tlog
c:\users\chenzh\desktop\gui-2.1.3\gui-2.1.3\game002\x64\debug\game002.tlog\cl.write.1.tlog
c:\users\chenzh\desktop\gui-2.1.3\gui-2.1.3\game002\x64\debug\game002.tlog\custombuild.command.1.tlog
c:\users\chenzh\desktop\gui-2.1.3\gui-2.1.3\game002\x64\debug\game002.tlog\custombuild.read.1.tlog
c:\users\chenzh\desktop\gui-2.1.3\gui-2.1.3\game002\x64\debug\game002.tlog\custombuild.write.1.tlog
c:\users\chenzh\desktop\gui-2.1.3\gui-2.1.3\game002\x64\debug\game002.tlog\link.command.1.tlog
c:\users\chenzh\desktop\gui-2.1.3\gui-2.1.3\game002\x64\debug\game002.tlog\link.read.1.tlog
c:\users\chenzh\desktop\gui-2.1.3\gui-2.1.3\game002\x64\debug\game002.tlog\link.write.1.tlog
c:\users\chenzh\desktop\gui-2.1.3\gui-2.1.3\game002\x64\debug\game002.tlog\rc.command.1.tlog
c:\users\chenzh\desktop\gui-2.1.3\gui-2.1.3\game002\x64\debug\game002.tlog\rc.read.1.tlog
c:\users\chenzh\desktop\gui-2.1.3\gui-2.1.3\game002\x64\debug\game002.tlog\rc.write.1.tlog
