生成启动时间为 2015/6/8 15:14:46。
     1>项目“F:\game\tcpserver\tcpserver.vcxproj”在节点 2 上(Build 个目标)。
     1>CustomBuild:
         Moc'ing tcpserver.h...
         Uic'ing tcpserver.ui...
         Moc'ing tcpclientsocket.h...
         Moc'ing server.h...
         Rcc'ing tcpserver.qrc...
     1>RCC : warning : No resources in 'F:\game\tcpserver\tcpserver.qrc'.
         
     1>C:\Program Files (x86)\MSBuild\Microsoft.Cpp\v4.0\V120\Microsoft.CppBuild.targets(935,5): warning MSB8027: Two or more files with the name of moc_server.cpp will produce outputs to the same location. This can lead to an incorrect build result.  The files involved are GeneratedFiles\Debug\moc_server.cpp, GeneratedFiles\Release\moc_server.cpp.
     1>C:\Program Files (x86)\MSBuild\Microsoft.Cpp\v4.0\V120\Microsoft.CppBuild.targets(935,5): warning MSB8027: Two or more files with the name of moc_tcpclientsocket.cpp will produce outputs to the same location. This can lead to an incorrect build result.  The files involved are GeneratedFiles\Debug\moc_tcpclientsocket.cpp, GeneratedFiles\Release\moc_tcpclientsocket.cpp.
     1>C:\Program Files (x86)\MSBuild\Microsoft.Cpp\v4.0\V120\Microsoft.CppBuild.targets(935,5): warning MSB8027: Two or more files with the name of moc_tcpserver.cpp will produce outputs to the same location. This can lead to an incorrect build result.  The files involved are GeneratedFiles\Debug\moc_tcpserver.cpp, GeneratedFiles\Release\moc_tcpserver.cpp.
       ClCompile:
         F:\visuals\VC\bin\CL.exe /c /I.\GeneratedFiles /I. /IF:\Qt1\5.4\msvc2013_64_opengl\include /I.\GeneratedFiles\Release /IF:\Qt1\5.4\msvc2013_64_opengl\include\QtCore /IF:\Qt1\5.4\msvc2013_64_opengl\include\QtGui /IF:\Qt1\5.4\msvc2013_64_opengl\include\QtNetwork /IF:\Qt1\5.4\msvc2013_64_opengl\include\QtWidgets /nologo /W1 /WX- /O2 /Oy- /D UNICODE /D WIN32 /D WIN64 /D QT_DLL /D QT_NO_DEBUG /D NDEBUG /D QT_CORE_LIB /D QT_GUI_LIB /D QT_NETWORK_LIB /D QT_WIDGETS_LIB /Gm- /EHsc /MD /GS /fp:precise /Zc:wchar_t /Zc:forScope /Fo"Release\\" /Fd"Release\vc120.pdb" /Gd /TP /analyze- /errorReport:prompt Character_Element.cpp chessboard.cpp Element.cpp ElementPool.cpp GeneratedFiles\Release\moc_server.cpp GeneratedFiles\Release\moc_tcpclientsocket.cpp GeneratedFiles\Release\moc_tcpserver.cpp main.cpp server.cpp Set_Character.cpp tcpclientsocket.cpp tcpserver.cpp
         Character_Element.cpp
         chessboard.cpp
         Element.cpp
         ElementPool.cpp
         moc_server.cpp
         moc_tcpclientsocket.cpp
         moc_tcpserver.cpp
         main.cpp
         server.cpp
         Set_Character.cpp
         tcpclientsocket.cpp
         tcpserver.cpp
         正在生成代码...
         F:\visuals\VC\bin\CL.exe /c /I.\GeneratedFiles /I. /IF:\Qt1\5.4\msvc2013_64_opengl\include /I.\GeneratedFiles\Release /IF:\Qt1\5.4\msvc2013_64_opengl\include\QtCore /IF:\Qt1\5.4\msvc2013_64_opengl\include\QtGui /IF:\Qt1\5.4\msvc2013_64_opengl\include\QtNetwork /IF:\Qt1\5.4\msvc2013_64_opengl\include\QtWidgets /nologo /W1 /WX- /O2 /Oy- /D UNICODE /D WIN32 /D WIN64 /D QT_DLL /D QT_NO_DEBUG /D NDEBUG /D QT_CORE_LIB /D QT_GUI_LIB /D QT_NETWORK_LIB /D QT_WIDGETS_LIB /Gm- /EHsc /MD /GS /fp:precise /Zc:wchar_t /Zc:forScope /Fo"Release\\" /Fd"Release\vc120.pdb" /Gd /TP /analyze- /errorReport:prompt GeneratedFiles\qrc_tcpserver.cpp
         qrc_tcpserver.cpp
       Link:
         F:\visuals\VC\bin\link.exe /ERRORREPORT:PROMPT /OUT:"F:\game\tcpserver\Win32\Release\\tcpserver.exe" /NOLOGO /LIBPATH:F:\Qt1\5.4\msvc2013_64_opengl\lib qtmain.lib Qt5Core.lib Qt5Gui.lib Qt5Network.lib Qt5Widgets.lib kernel32.lib user32.lib gdi32.lib winspool.lib comdlg32.lib advapi32.lib shell32.lib ole32.lib oleaut32.lib uuid.lib odbc32.lib odbccp32.lib /MANIFEST /MANIFESTUAC:"level='asInvoker' uiAccess='false'" /manifest:embed /PDB:"F:\game\tcpserver\Win32\Release\tcpserver.pdb" /SUBSYSTEM:WINDOWS /TLBID:1 /DYNAMICBASE /NXCOMPAT /IMPLIB:"F:\game\tcpserver\Win32\Release\tcpserver.lib" /MACHINE:X86 /SAFESEH Release\Character_Element.obj
         Release\chessboard.obj
         Release\Element.obj
         Release\ElementPool.obj
         Release\qrc_tcpserver.obj
         Release\moc_server.obj
         Release\moc_tcpclientsocket.obj
         Release\moc_tcpserver.obj
         Release\main.obj
         Release\server.obj
         Release\Set_Character.obj
         Release\tcpclientsocket.obj
         Release\tcpserver.obj
     1>Qt5Core.lib(Qt5Core.dll) : fatal error LNK1112: 模块计算机类型“x64”与目标计算机类型“X86”冲突
     1>已完成生成项目“F:\game\tcpserver\tcpserver.vcxproj”(Build 个目标)的操作 - 失败。

生成失败。

已用时间 00:00:10.85
