c:\users\chenzh\desktop\game_backup\gui\gui-2.1.3\game002\x64\release\playerviewcontroller.obj
c:\users\chenzh\desktop\game_backup\gui\gui-2.1.3\game002\x64\release\moc_textlabel.obj
c:\users\chenzh\desktop\game_backup\gui\gui-2.1.3\game002\x64\release\function.obj
c:\users\chenzh\desktop\game_backup\gui\gui-2.1.3\game002\x64\release\elementpool.obj
c:\users\chenzh\desktop\game_backup\gui\gui-2.1.3\game002\x64\release\element.obj
c:\users\chenzh\desktop\game_backup\gui\gui-2.1.3\game002\x64\release\textlabel.obj
c:\users\chenzh\desktop\game_backup\gui\gui-2.1.3\game002\x64\release\tcpclient.obj
c:\users\chenzh\desktop\game_backup\gui\gui-2.1.3\game002\x64\release\singleplayercontroller.obj
c:\users\chenzh\desktop\game_backup\gui\gui-2.1.3\game002\x64\release\panelbattleinfo.obj
c:\users\chenzh\desktop\game_backup\gui\gui-2.1.3\game002\x64\release\moc_tcpclient.obj
c:\users\chenzh\desktop\game_backup\gui\gui-2.1.3\game002\x64\release\moc_singleplayercontroller.obj
c:\users\chenzh\desktop\game_backup\gui\gui-2.1.3\game002\x64\release\moc_panelmenu.obj
c:\users\chenzh\desktop\game_backup\gui\gui-2.1.3\game002\x64\release\moc_panelbattleinfo.obj
c:\users\chenzh\desktop\game_backup\gui\gui-2.1.3\game002\x64\release\moc_gamemainmenu.obj
c:\users\chenzh\desktop\game_backup\gui\gui-2.1.3\game002\x64\release\moc_elementbattleinfo.obj
c:\users\chenzh\desktop\game_backup\gui\gui-2.1.3\game002\x64\release\moc_buttonbase.obj
c:\users\chenzh\desktop\game_backup\gui\gui-2.1.3\game002\x64\release\gamemainmenu.obj
c:\users\chenzh\desktop\game_backup\gui\gui-2.1.3\game002\x64\release\elementbattleinfo.obj
c:\users\chenzh\desktop\game_backup\gui\gui-2.1.3\game002\x64\release\character_element.obj
c:\users\chenzh\desktop\game_backup\gui\gui-2.1.3\game002\x64\release\buttonbase.obj
c:\users\chenzh\desktop\game_backup\gui\gui-2.1.3\game002\x64\release\set_character.obj
c:\users\chenzh\desktop\game_backup\gui\gui-2.1.3\game002\x64\release\gamecontent.obj
c:\users\chenzh\desktop\game_backup\gui\gui-2.1.3\game002\x64\release\paneloperate.obj
c:\users\chenzh\desktop\game_backup\gui\gui-2.1.3\game002\x64\release\panelmenu.obj
c:\users\chenzh\desktop\game_backup\gui\gui-2.1.3\game002\x64\release\panelheadup.obj
c:\users\chenzh\desktop\game_backup\gui\gui-2.1.3\game002\x64\release\mapunit.obj
c:\users\chenzh\desktop\game_backup\gui\gui-2.1.3\game002\x64\release\mapinfo.obj
c:\users\chenzh\desktop\game_backup\gui\gui-2.1.3\game002\x64\release\main.obj
c:\users\chenzh\desktop\game_backup\gui\gui-2.1.3\game002\x64\release\moc_playerviewcontroller.obj
c:\users\chenzh\desktop\game_backup\gui\gui-2.1.3\game002\x64\release\moc_paneloperate.obj
c:\users\chenzh\desktop\game_backup\gui\gui-2.1.3\game002\x64\release\moc_panelheadup.obj
c:\users\chenzh\desktop\game_backup\gui\gui-2.1.3\game002\x64\release\moc_mapunit.obj
c:\users\chenzh\desktop\game_backup\gui\gui-2.1.3\game002\x64\release\moc_gamewindow.obj
c:\users\chenzh\desktop\game_backup\gui\gui-2.1.3\game002\x64\release\moc_gamecontent.obj
c:\users\chenzh\desktop\game_backup\gui\gui-2.1.3\game002\x64\release\moc_element.obj
c:\users\chenzh\desktop\game_backup\gui\gui-2.1.3\game002\x64\release\gamewindow.obj
c:\users\chenzh\desktop\game_backup\gui\gui-2.1.3\game002\x64\release\qrc_gamewindow.obj
c:\users\chenzh\desktop\game_backup\gui\gui-2.1.3\game002\generatedfiles\release\moc_gamewindow.cpp
c:\users\chenzh\desktop\game_backup\gui\gui-2.1.3\game002\generatedfiles\ui_gamewindow.h
c:\users\chenzh\desktop\game_backup\gui\gui-2.1.3\game002\generatedfiles\release\moc_tcpclient.cpp
c:\users\chenzh\desktop\game_backup\gui\gui-2.1.3\game002\generatedfiles\release\moc_buttonbase.cpp
c:\users\chenzh\desktop\game_backup\gui\gui-2.1.3\game002\generatedfiles\release\moc_textlabel.cpp
c:\users\chenzh\desktop\game_backup\gui\gui-2.1.3\game002\generatedfiles\release\moc_gamemainmenu.cpp
c:\users\chenzh\desktop\game_backup\gui\gui-2.1.3\game002\generatedfiles\release\moc_elementbattleinfo.cpp
c:\users\chenzh\desktop\game_backup\gui\gui-2.1.3\game002\generatedfiles\release\moc_panelbattleinfo.cpp
c:\users\chenzh\desktop\game_backup\gui\gui-2.1.3\game002\generatedfiles\release\moc_panelheadup.cpp
c:\users\chenzh\desktop\game_backup\gui\gui-2.1.3\game002\generatedfiles\release\moc_gamecontent.cpp
c:\users\chenzh\desktop\game_backup\gui\gui-2.1.3\game002\generatedfiles\release\moc_panelmenu.cpp
c:\users\chenzh\desktop\game_backup\gui\gui-2.1.3\game002\generatedfiles\release\moc_mapunit.cpp
c:\users\chenzh\desktop\game_backup\gui\gui-2.1.3\game002\generatedfiles\release\moc_paneloperate.cpp
c:\users\chenzh\desktop\game_backup\gui\gui-2.1.3\game002\generatedfiles\qrc_gamewindow.cpp
c:\users\chenzh\desktop\game_backup\gui\gui-2.1.3\game002\generatedfiles\release\moc_element.cpp
c:\users\chenzh\desktop\game_backup\gui\gui-2.1.3\game002\generatedfiles\release\moc_singleplayercontroller.cpp
c:\users\chenzh\desktop\game_backup\gui\gui-2.1.3\game002\generatedfiles\release\moc_playerviewcontroller.cpp
c:\users\chenzh\desktop\game_backup\gui\gui-2.1.3\game002\x64\release\game002.exe
c:\users\chenzh\desktop\game_backup\gui\gui-2.1.3\game002\x64\release\fateundefined.res
f:\game\gui-2.1.4\gui-2.1.4\game002\x64\release\buttonbase.obj
f:\game\gui-2.1.4\gui-2.1.4\game002\x64\release\character_element.obj
f:\game\gui-2.1.4\gui-2.1.4\game002\x64\release\element.obj
f:\game\gui-2.1.4\gui-2.1.4\game002\x64\release\elementbattleinfo.obj
f:\game\gui-2.1.4\gui-2.1.4\game002\x64\release\elementpool.obj
f:\game\gui-2.1.4\gui-2.1.4\game002\x64\release\function.obj
f:\game\gui-2.1.4\gui-2.1.4\game002\x64\release\gamecontent.obj
f:\game\gui-2.1.4\gui-2.1.4\game002\x64\release\gamemainmenu.obj
f:\game\gui-2.1.4\gui-2.1.4\game002\x64\release\gamewindow.obj
f:\game\gui-2.1.4\gui-2.1.4\game002\x64\release\main.obj
f:\game\gui-2.1.4\gui-2.1.4\game002\x64\release\mapinfo.obj
f:\game\gui-2.1.4\gui-2.1.4\game002\x64\release\mapunit.obj
f:\game\gui-2.1.4\gui-2.1.4\game002\x64\release\moc_buttonbase.obj
f:\game\gui-2.1.4\gui-2.1.4\game002\x64\release\moc_element.obj
f:\game\gui-2.1.4\gui-2.1.4\game002\x64\release\moc_elementbattleinfo.obj
f:\game\gui-2.1.4\gui-2.1.4\game002\x64\release\moc_gamecontent.obj
f:\game\gui-2.1.4\gui-2.1.4\game002\x64\release\moc_gamemainmenu.obj
f:\game\gui-2.1.4\gui-2.1.4\game002\x64\release\moc_gamewindow.obj
f:\game\gui-2.1.4\gui-2.1.4\game002\x64\release\moc_mapunit.obj
f:\game\gui-2.1.4\gui-2.1.4\game002\x64\release\moc_panelbattleinfo.obj
f:\game\gui-2.1.4\gui-2.1.4\game002\x64\release\moc_panelheadup.obj
f:\game\gui-2.1.4\gui-2.1.4\game002\x64\release\moc_panelmenu.obj
f:\game\gui-2.1.4\gui-2.1.4\game002\x64\release\moc_paneloperate.obj
f:\game\gui-2.1.4\gui-2.1.4\game002\x64\release\moc_playerviewcontroller.obj
f:\game\gui-2.1.4\gui-2.1.4\game002\x64\release\moc_singleplayercontroller.obj
f:\game\gui-2.1.4\gui-2.1.4\game002\x64\release\moc_tcpclient.obj
f:\game\gui-2.1.4\gui-2.1.4\game002\x64\release\moc_textlabel.obj
f:\game\gui-2.1.4\gui-2.1.4\game002\x64\release\panelbattleinfo.obj
f:\game\gui-2.1.4\gui-2.1.4\game002\x64\release\panelheadup.obj
f:\game\gui-2.1.4\gui-2.1.4\game002\x64\release\panelmenu.obj
f:\game\gui-2.1.4\gui-2.1.4\game002\x64\release\paneloperate.obj
f:\game\gui-2.1.4\gui-2.1.4\game002\x64\release\playerviewcontroller.obj
f:\game\gui-2.1.4\gui-2.1.4\game002\x64\release\qrc_gamewindow.obj
f:\game\gui-2.1.4\gui-2.1.4\game002\x64\release\set_character.obj
f:\game\gui-2.1.4\gui-2.1.4\game002\x64\release\singleplayercontroller.obj
f:\game\gui-2.1.4\gui-2.1.4\game002\x64\release\tcpclient.obj
f:\game\gui-2.1.4\gui-2.1.4\game002\x64\release\textlabel.obj
f:\game\gui-2.1.4\gui-2.1.4\game002\x64\release\fateundefined.res
f:\game\gui-2.1.4\gui-2.1.4\game002\x64\release\game002.exe
f:\game\gui-2.1.4\gui-2.1.4\game002\x64\release\game002.tlog\cl.command.1.tlog
f:\game\gui-2.1.4\gui-2.1.4\game002\x64\release\game002.tlog\cl.read.1.tlog
f:\game\gui-2.1.4\gui-2.1.4\game002\x64\release\game002.tlog\cl.write.1.tlog
f:\game\gui-2.1.4\gui-2.1.4\game002\x64\release\game002.tlog\custombuild.command.1.tlog
f:\game\gui-2.1.4\gui-2.1.4\game002\x64\release\game002.tlog\custombuild.read.1.tlog
f:\game\gui-2.1.4\gui-2.1.4\game002\x64\release\game002.tlog\custombuild.write.1.tlog
f:\game\gui-2.1.4\gui-2.1.4\game002\x64\release\game002.tlog\link.command.1.tlog
f:\game\gui-2.1.4\gui-2.1.4\game002\x64\release\game002.tlog\link.read.1.tlog
f:\game\gui-2.1.4\gui-2.1.4\game002\x64\release\game002.tlog\link.write.1.tlog
f:\game\gui-2.1.4\gui-2.1.4\game002\x64\release\game002.tlog\rc.command.1.tlog
f:\game\gui-2.1.4\gui-2.1.4\game002\x64\release\game002.tlog\rc.read.1.tlog
f:\game\gui-2.1.4\gui-2.1.4\game002\x64\release\game002.tlog\rc.write.1.tlog
