生成启动时间为 2015/6/11 20:55:55。
     1>项目“F:\game\tcpserver\tcpserver.vcxproj”在节点 2 上(Build 个目标)。
     1>CustomBuild:
         Moc'ing server.h...
     1>C:\Program Files (x86)\MSBuild\Microsoft.Cpp\v4.0\V120\Microsoft.CppBuild.targets(935,5): warning MSB8027: Two or more files with the name of moc_server.cpp will produce outputs to the same location. This can lead to an incorrect build result.  The files involved are GeneratedFiles\Debug\moc_server.cpp, GeneratedFiles\Release\moc_server.cpp.
     1>C:\Program Files (x86)\MSBuild\Microsoft.Cpp\v4.0\V120\Microsoft.CppBuild.targets(935,5): warning MSB8027: Two or more files with the name of moc_tcpclientsocket.cpp will produce outputs to the same location. This can lead to an incorrect build result.  The files involved are GeneratedFiles\Debug\moc_tcpclientsocket.cpp, GeneratedFiles\Release\moc_tcpclientsocket.cpp.
     1>C:\Program Files (x86)\MSBuild\Microsoft.Cpp\v4.0\V120\Microsoft.CppBuild.targets(935,5): warning MSB8027: Two or more files with the name of moc_tcpserver.cpp will produce outputs to the same location. This can lead to an incorrect build result.  The files involved are GeneratedFiles\Debug\moc_tcpserver.cpp, GeneratedFiles\Release\moc_tcpserver.cpp.
       ClCompile:
         F:\visuals\VC\bin\x86_amd64\CL.exe /c /I.\GeneratedFiles /I. /IF:\Qt1\5.4\msvc2013_64_opengl\include /I.\GeneratedFiles\Release /IF:\Qt1\5.4\msvc2013_64_opengl\include\QtCore /IF:\Qt1\5.4\msvc2013_64_opengl\include\QtGui /IF:\Qt1\5.4\msvc2013_64_opengl\include\QtNetwork /IF:\Qt1\5.4\msvc2013_64_opengl\include\QtWidgets /nologo /W1 /WX- /O2 /D UNICODE /D WIN32 /D WIN64 /D QT_DLL /D QT_NO_DEBUG /D NDEBUG /D QT_CORE_LIB /D QT_GUI_LIB /D QT_NETWORK_LIB /D QT_WIDGETS_LIB /Gm- /EHsc /MD /GS /fp:precise /Zc:wchar_t /Zc:forScope /Fo"x64\Release\\" /Fd"x64\Release\vc120.pdb" /Gd /TP /errorReport:prompt GeneratedFiles\Release\moc_server.cpp GeneratedFiles\Release\moc_tcpserver.cpp main.cpp server.cpp tcpserver.cpp
         moc_server.cpp
         moc_tcpserver.cpp
         main.cpp
         server.cpp
         tcpserver.cpp
         正在生成代码...
       Link:
         F:\visuals\VC\bin\x86_amd64\link.exe /ERRORREPORT:PROMPT /OUT:"F:\game\tcpserver\x64\Release\\tcpserver.exe" /NOLOGO /LIBPATH:F:\Qt1\5.4\msvc2013_64_opengl\lib qtmain.lib Qt5Core.lib Qt5Gui.lib Qt5Network.lib Qt5Widgets.lib kernel32.lib user32.lib gdi32.lib winspool.lib comdlg32.lib advapi32.lib shell32.lib ole32.lib oleaut32.lib uuid.lib odbc32.lib odbccp32.lib /MANIFEST /MANIFESTUAC:"level='asInvoker' uiAccess='false'" /manifest:embed /PDB:"F:\game\tcpserver\x64\Release\tcpserver.pdb" /SUBSYSTEM:WINDOWS /TLBID:1 /DYNAMICBASE /NXCOMPAT /IMPLIB:"F:\game\tcpserver\x64\Release\tcpserver.lib" /MACHINE:X64 x64\Release\Character_Element.obj
         x64\Release\chessboard.obj
         x64\Release\Element.obj
         x64\Release\ElementPool.obj
         x64\Release\qrc_tcpserver.obj
         x64\Release\moc_server.obj
         x64\Release\moc_tcpclientsocket.obj
         x64\Release\moc_tcpserver.obj
         x64\Release\main.obj
         x64\Release\server.obj
         x64\Release\Set_Character.obj
         x64\Release\tcpclientsocket.obj
         x64\Release\tcpserver.obj
         tcpserver.vcxproj -> F:\game\tcpserver\x64\Release\tcpserver.exe
     1>已完成生成项目“F:\game\tcpserver\tcpserver.vcxproj”(Build 个目标)的操作。

生成成功。

已用时间 00:00:08.85
